android/app/build/intermediates/manifest_merge_blame_file/debug/manifest-merger-blame-debug-report.txt
1<?xml version="1.0" encoding="utf-8"?>
2<!--
3    ~ Copyright 2022 The TensorFlow Authors. All Rights Reserved.
4    ~
5    ~ Licensed under the Apache License, Version 2.0 (the "License");
6    ~ you may not use this file except in compliance with the License.
7    ~ You may obtain a copy of the License at
8    ~
9    ~       http://www.apache.org/licenses/LICENSE-2.0
10    ~
11    ~ Unless required by applicable law or agreed to in writing, software
12    ~ distributed under the License is distributed on an "AS IS" BASIS,
13    ~ WITHOUT WARRANTIES OR CONDITIONS OF ANY KIND, either express or implied.
14    ~ See the License for the specific language governing permissions and
15    ~ limitations under the License.
16-->
17<manifest xmlns:android="http://schemas.android.com/apk/res/android"
18    package="org.tensorflow.lite.examples.audio"
19    android:versionCode="1"
20    android:versionName="1.0" >
21
22    <uses-sdk
23        android:minSdkVersion="23"
24        android:targetSdkVersion="34" />
25
26    <uses-permission android:name="android.permission.RECORD_AUDIO" />
26-->src\main\AndroidManifest.xml:20:5-71
26-->src\main\AndroidManifest.xml:20:22-68
27    <uses-permission android:name="android.permission.WRITE_EXTERNAL_STORAGE" />
28    <uses-permission android:name="android.permission.READ_PHONE_STATE" />
29    <uses-permission android:name="android.permission.READ_EXTERNAL_STORAGE" />
30
31    <application
31-->src\main\AndroidManifest.xml:22:5-40:19
32        android:allowBackup="true"
32-->src\main\AndroidManifest.xml:23:9-35
33        android:appComponentFactory="androidx.core.app.CoreComponentFactory"
33-->[androidx.core:core:1.6.0] AndroidManifest.xml:24:18-86
34        android:debuggable="true"
35        android:extractNativeLibs="false"
36        android:icon="@mipmap/ic_launcher"
36-->src\main\AndroidManifest.xml:24:9-43
37        android:label="@string/app_name"
37-->src\main\AndroidManifest.xml:25:9-41
38        android:roundIcon="@mipmap/ic_launcher_round"
38-->src\main\AndroidManifest.xml:26:9-54
39        android:supportsRtl="true"
39-->src\main\AndroidManifest.xml:27:9-35
40        android:taskAffinity=""
40-->src\main\AndroidManifest.xml:28:9-32
41        android:testOnly="true"
42        android:theme="@style/AppTheme" >
42-->src\main\AndroidManifest.xml:29:9-40
43        <activity
43-->src\main\AndroidManifest.xml:30:9-39:20
44            android:name="org.tensorflow.lite.examples.audio.MainActivity"
44-->src\main\AndroidManifest.xml:31:13-75
45            android:exported="true"
45-->src\main\AndroidManifest.xml:32:13-36
46            android:screenOrientation="portrait" >
46-->src\main\AndroidManifest.xml:33:13-49
47            <intent-filter>
47-->src\main\AndroidManifest.xml:34:13-38:29
48                <action android:name="android.intent.action.MAIN" />
48-->src\main\AndroidManifest.xml:35:17-69
48-->src\main\AndroidManifest.xml:35:25-66
49
50                <category android:name="android.intent.category.LAUNCHER" />
50-->src\main\AndroidManifest.xml:37:17-77
50-->src\main\AndroidManifest.xml:37:27-74
51            </intent-filter>
52        </activity>
53    </application>
54
55</manifest>